<?xml version="1.0" encoding="UTF-8"?>
<testng-results ignored="0" total="3" passed="3" failed="0" skipped="0">
  <reporter-output>
  </reporter-output>
  <suite started-at="2023-05-25T01:32:37 GMT-04:00" name="Default suite" finished-at="2023-05-25T01:32:37 GMT-04:00" duration-ms="98">
    <groups>
    </groups>
    <test started-at="2023-05-25T01:32:37 GMT-04:00" name="Default test" finished-at="2023-05-25T01:32:37 GMT-04:00" duration-ms="98">
      <class name="com.day1">
        <test-method signature="Alphafirst(java.lang.String,java.lang.String)[pri:0, instance:com.day1@3315d2d7]" started-at="2023-05-25T01:32:37 GMT-04:00" name="Alphafirst" data-provider="Data" finished-at="2023-05-25T01:32:37 GMT-04:00" duration-ms="8" status="PASS">
          <params>
            <param index="0">
              <value>
                <![CDATA[3]]>
              </value>
            </param>
            <param index="1">
              <value>
                <![CDATA[3]]>
              </value>
            </param>
          </params>
          <reporter-output>
          </reporter-output>
        </test-method> <!-- Alphafirst -->
        <test-method signature="Alphafirst(java.lang.String,java.lang.String)[pri:0, instance:com.day1@3315d2d7]" started-at="2023-05-25T01:32:37 GMT-04:00" name="Alphafirst" data-provider="Data" finished-at="2023-05-25T01:32:37 GMT-04:00" duration-ms="4" status="PASS">
          <params>
            <param index="0">
              <value>
                <![CDATA[2]]>
              </value>
            </param>
            <param index="1">
              <value>
                <![CDATA[2]]>
              </value>
            </param>
          </params>
          <reporter-output>
          </reporter-output>
        </test-method> <!-- Alphafirst -->
        <test-method signature="Alphafirst(java.lang.String,java.lang.String)[pri:0, instance:com.day1@3315d2d7]" started-at="2023-05-25T01:32:37 GMT-04:00" name="Alphafirst" data-provider="Data" finished-at="2023-05-25T01:32:37 GMT-04:00" duration-ms="2" status="PASS">
          <params>
            <param index="0">
              <value>
                <![CDATA[4]]>
              </value>
            </param>
            <param index="1">
              <value>
                <![CDATA[4]]>
              </value>
            </param>
          </params>
          <reporter-output>
          </reporter-output>
        </test-method> <!-- Alphafirst -->
      </class> <!-- com.day1 -->
    </test> <!-- Default test -->
  </suite> <!-- Default suite -->
</testng-results>
